... logging to /home/adriano/.ros/log/03297032-dd63-11ee-a4d3-9bcbcb281e9b/roslaunch-oem-IdeaPad-Gaming-3-16IAH7-115811.log
Checking log directory for disk usage. This may take a while.
Press Ctrl-C to interrupt
Done checking log file disk usage. Usage is <1GB.
]2;/home/adriano/Desktop/tiago_ws/src/tiago_simulation/tiago_gazebo/launch/tiago_gazebo.launch
xacro: in-order processing became default in ROS Melodic. You can drop the option.
[1mstarted roslaunch server http://oem-IdeaPad-Gaming-3-16IAH7:35853/[0m

SUMMARY
========

PARAMETERS
 * /arm_controller/constraints/arm_1_joint/goal: 0.025
 * /arm_controller/constraints/arm_2_joint/goal: 0.025
 * /arm_controller/constraints/arm_3_joint/goal: 0.025
 * /arm_controller/constraints/arm_4_joint/goal: 0.025
 * /arm_controller/constraints/arm_5_joint/goal: 0.025
 * /arm_controller/constraints/arm_6_joint/goal: 0.025
 * /arm_controller/constraints/arm_7_joint/goal: 0.025
 * /arm_controller/constraints/goal_time: 0.6
 * /arm_controller/constraints/stopped_velocity_tolerance: 5.0
 * /arm_controller/joints: ['arm_1_joint', '...
 * /arm_controller/type: position_controll...
 * /collision_model_parameters/blacklist/default: [{'first': 'arm_2...
 * /collision_model_parameters/links_with_padding: ['arm_4_link', 'a...
 * /collision_model_parameters/padding: 0.01
 * /force_torque/wrist_ft/frame: wrist_ft_link
 * /force_torque/wrist_ft/sensor_joint: arm_7_joint
 * /force_torque_sensor_controller/publish_rate: 50
 * /force_torque_sensor_controller/type: force_torque_sens...
 * /gains/FFJ1/d: 0
 * /gains/FFJ1/i: 1
 * /gains/FFJ1/p: 10
 * /gains/FFJ2/d: 0
 * /gains/FFJ2/i: 1
 * /gains/FFJ2/p: 10
 * /gains/FFJ3/d: 0
 * /gains/FFJ3/i: 1
 * /gains/FFJ3/p: 10
 * /gains/FFJ4/d: 0
 * /gains/FFJ4/i: 1
 * /gains/FFJ4/p: 10
 * /gains/MFJ1/d: 0
 * /gains/MFJ1/i: 1
 * /gains/MFJ1/p: 10
 * /gains/MFJ2/d: 0
 * /gains/MFJ2/i: 1
 * /gains/MFJ2/p: 10
 * /gains/MFJ3/d: 0
 * /gains/MFJ3/i: 1
 * /gains/MFJ3/p: 10
 * /gains/MFJ4/d: 0
 * /gains/MFJ4/i: 1
 * /gains/MFJ4/p: 10
 * /gains/RFJ1/d: 0
 * /gains/RFJ1/i: 1
 * /gains/RFJ1/p: 10
 * /gains/RFJ2/d: 0
 * /gains/RFJ2/i: 1
 * /gains/RFJ2/p: 10
 * /gains/RFJ3/d: 0
 * /gains/RFJ3/i: 1
 * /gains/RFJ3/p: 10
 * /gains/RFJ4/d: 0
 * /gains/RFJ4/i: 1
 * /gains/RFJ4/p: 10
 * /gains/THJ1/d: 0
 * /gains/THJ1/i: 1
 * /gains/THJ1/p: 10
 * /gains/THJ2/d: 0
 * /gains/THJ2/i: 1
 * /gains/THJ2/p: 10
 * /gains/THJ4/d: 0
 * /gains/THJ4/i: 1
 * /gains/THJ4/p: 10
 * /gains/THJ5/d: 0
 * /gains/THJ5/i: 1
 * /gains/THJ5/p: 10
 * /gains/arm_1_joint/d: 0.5
 * /gains/arm_1_joint/i: 0.0
 * /gains/arm_1_joint/i_clamp: 3
 * /gains/arm_1_joint/p: 400
 * /gains/arm_1_joint/torque_clamp: 60
 * /gains/arm_2_joint/d: 5.0
 * /gains/arm_2_joint/i: 0.5
 * /gains/arm_2_joint/i_clamp: 3
 * /gains/arm_2_joint/p: 750
 * /gains/arm_2_joint/torque_clamp: 50
 * /gains/arm_3_joint/d: 0.5
 * /gains/arm_3_joint/i: 0.1
 * /gains/arm_3_joint/i_clamp: 3
 * /gains/arm_3_joint/p: 400
 * /gains/arm_3_joint/torque_clamp: 50
 * /gains/arm_4_joint/d: 1.0
 * /gains/arm_4_joint/i: 0.1
 * /gains/arm_4_joint/i_clamp: 3
 * /gains/arm_4_joint/p: 400
 * /gains/arm_4_joint/torque_clamp: 50
 * /gains/arm_5_joint/d: 0.1
 * /gains/arm_5_joint/i: 0.01
 * /gains/arm_5_joint/i_clamp: 3
 * /gains/arm_5_joint/p: 100
 * /gains/arm_5_joint/torque_clamp: 50
 * /gains/arm_6_joint/d: 0.1
 * /gains/arm_6_joint/i: 0.01
 * /gains/arm_6_joint/i_clamp: 3
 * /gains/arm_6_joint/p: 100
 * /gains/arm_6_joint/torque_clamp: 50
 * /gains/arm_7_joint/d: 0.1
 * /gains/arm_7_joint/i: 0.01
 * /gains/arm_7_joint/i_clamp: 3
 * /gains/arm_7_joint/p: 50
 * /gains/arm_7_joint/torque_clamp: 50
 * /gains/gripper_finger_joint/d: 0
 * /gains/gripper_finger_joint/i: 0
 * /gains/gripper_finger_joint/i_clamp: 3
 * /gains/gripper_finger_joint/p: 250
 * /gains/gripper_finger_joint/p_gain: 200
 * /gains/gripper_finger_joint/torque_clamp: 60
 * /gains/gripper_left_finger_joint/d: 0
 * /gains/gripper_left_finger_joint/i: 0
 * /gains/gripper_left_finger_joint/p: 200
 * /gains/gripper_left_finger_joint/p_gain: 200
 * /gains/gripper_right_finger_joint/d: 0
 * /gains/gripper_right_finger_joint/i: 0
 * /gains/gripper_right_finger_joint/p: 200
 * /gains/gripper_right_finger_joint/p_gain: 200
 * /gains/hand_index_abd_joint/d: 0.01
 * /gains/hand_index_abd_joint/i: 0.01
 * /gains/hand_index_abd_joint/i_clamp: 1
 * /gains/hand_index_abd_joint/p: 5
 * /gains/hand_index_flex_1_joint/d: 0.01
 * /gains/hand_index_flex_1_joint/i: 0.01
 * /gains/hand_index_flex_1_joint/i_clamp: 1
 * /gains/hand_index_flex_1_joint/p: 5
 * /gains/hand_index_flex_2_joint/d: 0.01
 * /gains/hand_index_flex_2_joint/i: 0.01
 * /gains/hand_index_flex_2_joint/i_clamp: 1
 * /gains/hand_index_flex_2_joint/p: 5
 * /gains/hand_index_flex_3_joint/d: 0.01
 * /gains/hand_index_flex_3_joint/i: 0.01
 * /gains/hand_index_flex_3_joint/i_clamp: 1
 * /gains/hand_index_flex_3_joint/p: 5
 * /gains/hand_index_joint/d: 0.01
 * /gains/hand_index_joint/i: 0.01
 * /gains/hand_index_joint/i_clamp: 1
 * /gains/hand_index_joint/p: 5
 * /gains/hand_index_virtual_1_joint/d: 0.01
 * /gains/hand_index_virtual_1_joint/i: 0.01
 * /gains/hand_index_virtual_1_joint/i_clamp: 1
 * /gains/hand_index_virtual_1_joint/p: 5
 * /gains/hand_index_virtual_2_joint/d: 0.01
 * /gains/hand_index_virtual_2_joint/i: 0.01
 * /gains/hand_index_virtual_2_joint/i_clamp: 1
 * /gains/hand_index_virtual_2_joint/p: 5
 * /gains/hand_index_virtual_3_joint/d: 0.01
 * /gains/hand_index_virtual_3_joint/i: 0.01
 * /gains/hand_index_virtual_3_joint/i_clamp: 1
 * /gains/hand_index_virtual_3_joint/p: 5
 * /gains/hand_little_abd_joint/d: 0.01
 * /gains/hand_little_abd_joint/i: 0.01
 * /gains/hand_little_abd_joint/i_clamp: 1
 * /gains/hand_little_abd_joint/p: 5
 * /gains/hand_little_flex_1_joint/d: 0.01
 * /gains/hand_little_flex_1_joint/i: 0.01
 * /gains/hand_little_flex_1_joint/i_clamp: 1
 * /gains/hand_little_flex_1_joint/p: 5
 * /gains/hand_little_flex_2_joint/d: 0.01
 * /gains/hand_little_flex_2_joint/i: 0.01
 * /gains/hand_little_flex_2_joint/i_clamp: 1
 * /gains/hand_little_flex_2_joint/p: 5
 * /gains/hand_little_flex_3_joint/d: 0.01
 * /gains/hand_little_flex_3_joint/i: 0.01
 * /gains/hand_little_flex_3_joint/i_clamp: 1
 * /gains/hand_little_flex_3_joint/p: 5
 * /gains/hand_little_virtual_1_joint/d: 0.01
 * /gains/hand_little_virtual_1_joint/i: 0.01
 * /gains/hand_little_virtual_1_joint/i_clamp: 1
 * /gains/hand_little_virtual_1_joint/p: 5
 * /gains/hand_little_virtual_2_joint/d: 0.01
 * /gains/hand_little_virtual_2_joint/i: 0.01
 * /gains/hand_little_virtual_2_joint/i_clamp: 1
 * /gains/hand_little_virtual_2_joint/p: 5
 * /gains/hand_little_virtual_3_joint/d: 0.01
 * /gains/hand_little_virtual_3_joint/i: 0.01
 * /gains/hand_little_virtual_3_joint/i_clamp: 1
 * /gains/hand_little_virtual_3_joint/p: 5
 * /gains/hand_middle_abd_joint/d: 0.01
 * /gains/hand_middle_abd_joint/i: 0.01
 * /gains/hand_middle_abd_joint/i_clamp: 1
 * /gains/hand_middle_abd_joint/p: 5
 * /gains/hand_middle_flex_1_joint/d: 0.01
 * /gains/hand_middle_flex_1_joint/i: 0.01
 * /gains/hand_middle_flex_1_joint/i_clamp: 1
 * /gains/hand_middle_flex_1_joint/p: 5
 * /gains/hand_middle_flex_2_joint/d: 0.01
 * /gains/hand_middle_flex_2_joint/i: 0.01
 * /gains/hand_middle_flex_2_joint/i_clamp: 1
 * /gains/hand_middle_flex_2_joint/p: 5
 * /gains/hand_middle_flex_3_joint/d: 0.01
 * /gains/hand_middle_flex_3_joint/i: 0.01
 * /gains/hand_middle_flex_3_joint/i_clamp: 1
 * /gains/hand_middle_flex_3_joint/p: 5
 * /gains/hand_middle_virtual_1_joint/d: 0.01
 * /gains/hand_middle_virtual_1_joint/i: 0.01
 * /gains/hand_middle_virtual_1_joint/i_clamp: 1
 * /gains/hand_middle_virtual_1_joint/p: 5
 * /gains/hand_middle_virtual_2_joint/d: 0.01
 * /gains/hand_middle_virtual_2_joint/i: 0.01
 * /gains/hand_middle_virtual_2_joint/i_clamp: 1
 * /gains/hand_middle_virtual_2_joint/p: 5
 * /gains/hand_middle_virtual_3_joint/d: 0.01
 * /gains/hand_middle_virtual_3_joint/i: 0.01
 * /gains/hand_middle_virtual_3_joint/i_clamp: 1
 * /gains/hand_middle_virtual_3_joint/p: 5
 * /gains/hand_mrl_joint/d: 0.01
 * /gains/hand_mrl_joint/i: 0.01
 * /gains/hand_mrl_joint/i_clamp: 1
 * /gains/hand_mrl_joint/p: 5
 * /gains/hand_ring_abd_joint/d: 0.01
 * /gains/hand_ring_abd_joint/i: 0.01
 * /gains/hand_ring_abd_joint/i_clamp: 1
 * /gains/hand_ring_abd_joint/p: 5
 * /gains/hand_ring_flex_1_joint/d: 0.01
 * /gains/hand_ring_flex_1_joint/i: 0.01
 * /gains/hand_ring_flex_1_joint/i_clamp: 1
 * /gains/hand_ring_flex_1_joint/p: 5
 * /gains/hand_ring_flex_2_joint/d: 0.01
 * /gains/hand_ring_flex_2_joint/i: 0.01
 * /gains/hand_ring_flex_2_joint/i_clamp: 1
 * /gains/hand_ring_flex_2_joint/p: 5
 * /gains/hand_ring_flex_3_joint/d: 0.01
 * /gains/hand_ring_flex_3_joint/i: 0.01
 * /gains/hand_ring_flex_3_joint/i_clamp: 1
 * /gains/hand_ring_flex_3_joint/p: 5
 * /gains/hand_ring_virtual_1_joint/d: 0.01
 * /gains/hand_ring_virtual_1_joint/i: 0.01
 * /gains/hand_ring_virtual_1_joint/i_clamp: 1
 * /gains/hand_ring_virtual_1_joint/p: 5
 * /gains/hand_ring_virtual_2_joint/d: 0.01
 * /gains/hand_ring_virtual_2_joint/i: 0.01
 * /gains/hand_ring_virtual_2_joint/i_clamp: 1
 * /gains/hand_ring_virtual_2_joint/p: 5
 * /gains/hand_ring_virtual_3_joint/d: 0.01
 * /gains/hand_ring_virtual_3_joint/i: 0.01
 * /gains/hand_ring_virtual_3_joint/i_clamp: 1
 * /gains/hand_ring_virtual_3_joint/p: 5
 * /gains/hand_thumb_abd_joint/d: 0.01
 * /gains/hand_thumb_abd_joint/i: 0.01
 * /gains/hand_thumb_abd_joint/i_clamp: 1
 * /gains/hand_thumb_abd_joint/p: 5
 * /gains/hand_thumb_flex_1_joint/d: 0.01
 * /gains/hand_thumb_flex_1_joint/i: 0.01
 * /gains/hand_thumb_flex_1_joint/i_clamp: 1
 * /gains/hand_thumb_flex_1_joint/p: 5
 * /gains/hand_thumb_flex_2_joint/d: 0.01
 * /gains/hand_thumb_flex_2_joint/i: 0.01
 * /gains/hand_thumb_flex_2_joint/i_clamp: 1
 * /gains/hand_thumb_flex_2_joint/p: 5
 * /gains/hand_thumb_flex_3_joint/d: 0.01
 * /gains/hand_thumb_flex_3_joint/i: 0.01
 * /gains/hand_thumb_flex_3_joint/i_clamp: 1
 * /gains/hand_thumb_flex_3_joint/p: 5
 * /gains/hand_thumb_joint/d: 0.01
 * /gains/hand_thumb_joint/i: 0.01
 * /gains/hand_thumb_joint/i_clamp: 1
 * /gains/hand_thumb_joint/p: 5
 * /gains/hand_thumb_virtual_1_joint/d: 0.01
 * /gains/hand_thumb_virtual_1_joint/i: 0.01
 * /gains/hand_thumb_virtual_1_joint/i_clamp: 1
 * /gains/hand_thumb_virtual_1_joint/p: 5
 * /gains/hand_thumb_virtual_2_joint/d: 0.01
 * /gains/hand_thumb_virtual_2_joint/i: 0.01
 * /gains/hand_thumb_virtual_2_joint/i_clamp: 1
 * /gains/hand_thumb_virtual_2_joint/p: 5
 * /gains/hand_thumb_virtual_3_joint/d: 0.01
 * /gains/hand_thumb_virtual_3_joint/i: 0.01
 * /gains/hand_thumb_virtual_3_joint/i_clamp: 1
 * /gains/hand_thumb_virtual_3_joint/p: 5
 * /gains/head_1_joint/d: 0
 * /gains/head_1_joint/i: 10
 * /gains/head_1_joint/i_clamp: 1.5
 * /gains/head_1_joint/p: 100
 * /gains/head_2_joint/d: 0
 * /gains/head_2_joint/i: 10
 * /gains/head_2_joint/i_clamp: 1.5
 * /gains/head_2_joint/p: 100
 * /gains/suspension_left_joint/d: 250
 * /gains/suspension_left_joint/i: 0.1
 * /gains/suspension_left_joint/i_clamp: 1.5
 * /gains/suspension_left_joint/p: 30000
 * /gains/suspension_right_joint/d: 250
 * /gains/suspension_right_joint/i: 0.1
 * /gains/suspension_right_joint/i_clamp: 1.5
 * /gains/suspension_right_joint/p: 30000
 * /gains/torso_lift_joint/d: 25
 * /gains/torso_lift_joint/i: 0.02
 * /gains/torso_lift_joint/i_clamp: 1.5
 * /gains/torso_lift_joint/p: 90000
 * /gains/xtion_frame_joint/d: 0
 * /gains/xtion_frame_joint/i: 0
 * /gains/xtion_frame_joint/i_clamp: 1.5
 * /gains/xtion_frame_joint/p: 0.5
 * /gripper_controller/constraints/goal_time: 0.6
 * /gripper_controller/constraints/gripper_finger_joint/goal: 0.02
 * /gripper_controller/constraints/stopped_velocity_tolerance: 5.0
 * /gripper_controller/joints: ['gripper_finger_...
 * /gripper_controller/type: position_controll...
 * /gripper_grasping/close_configuration: [0.8]
 * /gripper_grasping/controller_name: gripper
 * /gripper_grasping/grasper/closing_time: 1.0
 * /gripper_grasping/grasper/pressure_configuration: 0.08
 * /gripper_grasping/grasper/timeout: 2.0
 * /gripper_grasping/gripper_joint_name: gripper_finger_joint
 * /gripper_grasping/gripper_motor_name: gripper_motor
 * /gripper_grasping/model: robotiq-2f-85
 * /gripper_grasping/pub_rate: 50
 * /gripper_grasping/real_joint_names: ['gripper_finger_...
 * /head_controller/constraints/goal_time: 2.0
 * /head_controller/constraints/head_1_joint/goal: 0.02
 * /head_controller/constraints/head_2_joint/goal: 0.02
 * /head_controller/constraints/stopped_velocity_tolerance: 5.0
 * /head_controller/joints: ['head_1_joint', ...
 * /head_controller/point_head_action/pan_link: head_1_link
 * /head_controller/point_head_action/success_angle_threshold: 0.01
 * /head_controller/point_head_action/tilt_link: head_2_link
 * /head_controller/type: position_controll...
 * /home_gripper/suffix: 
 * /imu/base_imu/frame: base_imu_link
 * /imu/base_imu/gazebo_sensor_name: imu_sensor
 * /imu_sensor_controller/publish_rate: 50
 * /imu_sensor_controller/type: imu_sensor_contro...
 * /joint_state_controller/extra_joints: [{'name': 'caster...
 * /joint_state_controller/publish_rate: 50
 * /joint_state_controller/type: joint_state_contr...
 * /joint_torque_sensor_state_controller/extra_joints: [{'name': 'caster...
 * /joystick_relay/priority: False
 * /joystick_relay/turbo/angular_max: 1.3962634015954636
 * /joystick_relay/turbo/angular_min: 0.2617993877991494
 * /joystick_relay/turbo/linear_backward_max: 0.3
 * /joystick_relay/turbo/linear_backward_min: 0.1
 * /joystick_relay/turbo/linear_forward_max: 0.5
 * /joystick_relay/turbo/linear_forward_min: 0.1
 * /joystick_relay/turbo/steps: 6
 * /mobile_base_controller/angular/z/has_acceleration_limits: True
 * /mobile_base_controller/angular/z/has_velocity_limits: True
 * /mobile_base_controller/angular/z/max_acceleration: 2.0943951023931953
 * /mobile_base_controller/angular/z/max_velocity: 2.0943951023931953
 * /mobile_base_controller/base_frame_id: /base_footprint
 * /mobile_base_controller/cmd_vel_timeout: 0.25
 * /mobile_base_controller/left_wheel: wheel_left_joint
 * /mobile_base_controller/linear/x/has_acceleration_limits: True
 * /mobile_base_controller/linear/x/has_velocity_limits: True
 * /mobile_base_controller/linear/x/max_acceleration: 1.0
 * /mobile_base_controller/linear/x/max_velocity: 1.0
 * /mobile_base_controller/linear/x/min_velocity: -0.2
 * /mobile_base_controller/odom_frame_id: /odom
 * /mobile_base_controller/pose_covariance_diagonal: [0.001, 0.001, 10...
 * /mobile_base_controller/preserve_turning_radius: True
 * /mobile_base_controller/publish_rate: 50.0
 * /mobile_base_controller/publish_wheel_data: True
 * /mobile_base_controller/right_wheel: wheel_right_joint
 * /mobile_base_controller/twist_covariance_diagonal: [0.001, 0.001, 10...
 * /mobile_base_controller/type: diff_drive_contro...
 * /move_group/allow_trajectory_execution: True
 * /move_group/arm/longest_valid_segment_fraction: 0.01
 * /move_group/arm/planner_configs: ['SBLkConfigDefau...
 * /move_group/arm/projection_evaluator: joints(arm_1_join...
 * /move_group/arm_torso/longest_valid_segment_fraction: 0.01
 * /move_group/arm_torso/planner_configs: ['SBLkConfigDefau...
 * /move_group/arm_torso/projection_evaluator: joints(torso_lift...
 * /move_group/capabilities: 
 * /move_group/controller_list: [{'name': 'arm_co...
 * /move_group/controller_manager_name: controller_manager
 * /move_group/controller_manager_ns: controller_manager
 * /move_group/disable_capabilities: 
 * /move_group/jiggle_fraction: 0.05
 * /move_group/max_safe_path_cost: 1
 * /move_group/moveit_controller_manager: moveit_simple_con...
 * /move_group/moveit_manage_controllers: True
 * /move_group/planner_configs/BKPIECEkConfigDefault/type: geometric::BKPIECE
 * /move_group/planner_configs/ESTkConfigDefault/type: geometric::EST
 * /move_group/planner_configs/KPIECEkConfigDefault/type: geometric::KPIECE
 * /move_group/planner_configs/LBKPIECEkConfigDefault/type: geometric::LBKPIECE
 * /move_group/planner_configs/PRMkConfigDefault/type: geometric::PRM
 * /move_group/planner_configs/PRMstarkConfigDefault/type: geometric::PRMstar
 * /move_group/planner_configs/RRTConnectkConfigDefault/type: geometric::RRTCon...
 * /move_group/planner_configs/RRTkConfigDefault/type: geometric::RRT
 * /move_group/planner_configs/RRTstarkConfigDefault/type: geometric::RRTstar
 * /move_group/planner_configs/SBLkConfigDefault/type: geometric::SBL
 * /move_group/planner_configs/TRRTkConfigDefault/type: geometric::TRRT
 * /move_group/planning_plugin: ompl_interface/OM...
 * /move_group/planning_scene_monitor/publish_geometry_updates: True
 * /move_group/planning_scene_monitor/publish_planning_scene: True
 * /move_group/planning_scene_monitor/publish_state_updates: True
 * /move_group/planning_scene_monitor/publish_transforms_updates: True
 * /move_group/request_adapters: default_planner_r...
 * /move_group/start_state_max_bounds_error: 0.1
 * /move_group/trajectory_execution/allowed_execution_duration_scaling: 1.2
 * /move_group/trajectory_execution/allowed_goal_duration_margin: 0.5
 * /move_group/use_controller_manager: True
 * /pal_robot_info/arm: True
 * /pal_robot_info/arm_type: tiago_arm
 * /pal_robot_info/base_type: pmb2
 * /pal_robot_info/camera_model: orbbec-astra
 * /pal_robot_info/end_effector: robotiq-2f-85
 * /pal_robot_info/ft_sensor: schunk-ft
 * /pal_robot_info/laser_model: sick-571
 * /pal_robot_info/type: tiago
 * /play_motion/approach_planner/exclude_from_planning_joints: ['head_1_joint', ...
 * /play_motion/approach_planner/joint_tolerance: 0.01
 * /play_motion/approach_planner/planning_groups: ['arm_torso', 'arm']
 * /play_motion/approach_planner/skip_planning_approach_min_dur: 0.5
 * /play_motion/approach_planner/skip_planning_approach_vel: 0.5
 * /play_motion/controllers: ['arm_controller'...
 * /play_motion/disable_motion_planning: False
 * /play_motion/motions/close/joints: ['gripper_finger_...
 * /play_motion/motions/close/meta/description: Closes gripper
 * /play_motion/motions/close/meta/name: Close Gripper
 * /play_motion/motions/close/meta/usage: demo
 * /play_motion/motions/close/points: [{'positions': [0...
 * /play_motion/motions/close_gripper/joints: ['gripper_finger_...
 * /play_motion/motions/close_gripper/points: [{'positions': [0...
 * /play_motion/motions/close_gripper_half/joints: ['gripper_finger_...
 * /play_motion/motions/close_gripper_half/points: [{'positions': [0...
 * /play_motion/motions/close_half/joints: ['gripper_finger_...
 * /play_motion/motions/close_half/meta/description: Closes gripper ha...
 * /play_motion/motions/close_half/meta/name: Close Gripper Half
 * /play_motion/motions/close_half/meta/usage: demo
 * /play_motion/motions/close_half/points: [{'positions': [0...
 * /play_motion/motions/do_weights/joints: ['arm_1_joint', '...
 * /play_motion/motions/do_weights/meta/description: Do weights
 * /play_motion/motions/do_weights/meta/name: Do Weights
 * /play_motion/motions/do_weights/meta/usage: demo
 * /play_motion/motions/do_weights/points: [{'positions': [1...
 * /play_motion/motions/head_tour/joints: ['head_1_joint', ...
 * /play_motion/motions/head_tour/meta/description: head_tour
 * /play_motion/motions/head_tour/meta/name: Head Tour
 * /play_motion/motions/head_tour/meta/usage: demo
 * /play_motion/motions/head_tour/points: [{'positions': [0...
 * /play_motion/motions/hold_object_home/joints: ['torso_lift_join...
 * /play_motion/motions/hold_object_home/meta/description: Go to home positi...
 * /play_motion/motions/hold_object_home/meta/name: hold_object_home
 * /play_motion/motions/hold_object_home/meta/usage: demo
 * /play_motion/motions/hold_object_home/points: [{'positions': [0...
 * /play_motion/motions/home/joints: ['torso_lift_join...
 * /play_motion/motions/home/meta/description: Go home
 * /play_motion/motions/home/meta/name: Home
 * /play_motion/motions/home/meta/usage: demo
 * /play_motion/motions/home/points: [{'positions': [0...
 * /play_motion/motions/inspect_surroundings/joints: ['head_1_joint', ...
 * /play_motion/motions/inspect_surroundings/meta/description: Inspect surroundi...
 * /play_motion/motions/inspect_surroundings/meta/name: Inspect Surroundings
 * /play_motion/motions/inspect_surroundings/meta/usage: demo
 * /play_motion/motions/inspect_surroundings/points: [{'positions': [-...
 * /play_motion/motions/offer/joints: ['torso_lift_join...
 * /play_motion/motions/offer/meta/description: Offer Gripper
 * /play_motion/motions/offer/meta/name: Offer Gripper
 * /play_motion/motions/offer/meta/usage: demo
 * /play_motion/motions/offer/points: [{'positions': [0...
 * /play_motion/motions/offer_gripper/joints: ['torso_lift_join...
 * /play_motion/motions/offer_gripper/points: [{'positions': [0...
 * /play_motion/motions/open/joints: ['gripper_finger_...
 * /play_motion/motions/open/meta/description: Open gripper
 * /play_motion/motions/open/meta/name: Open Gripper
 * /play_motion/motions/open/meta/usage: demo
 * /play_motion/motions/open/points: [{'positions': [0...
 * /play_motion/motions/open_gripper/joints: ['gripper_finger_...
 * /play_motion/motions/open_gripper/points: [{'positions': [0...
 * /play_motion/motions/pick_from_floor/joints: ['torso_lift_join...
 * /play_motion/motions/pick_from_floor/meta/description: Pick a shirt-like...
 * /play_motion/motions/pick_from_floor/meta/name: Pick from floor
 * /play_motion/motions/pick_from_floor/meta/usage: demo
 * /play_motion/motions/pick_from_floor/points: [{'positions': [0...
 * /play_motion/motions/point/joints: ['gripper_finger_...
 * /play_motion/motions/point/meta/description: Closes gripper to...
 * /play_motion/motions/point/meta/name: Point
 * /play_motion/motions/point/meta/usage: demo
 * /play_motion/motions/point/points: [{'positions': [0...
 * /play_motion/motions/pregrasp_weight/joints: ['torso_lift_join...
 * /play_motion/motions/pregrasp_weight/meta/description: Pregrasp weight
 * /play_motion/motions/pregrasp_weight/meta/name: Pregrasp Weight
 * /play_motion/motions/pregrasp_weight/meta/usage: demo
 * /play_motion/motions/pregrasp_weight/points: [{'positions': [0...
 * /play_motion/motions/prepare_grasp/joints: ['torso_lift_join...
 * /play_motion/motions/prepare_grasp/meta/description: Prepare grasp pos...
 * /play_motion/motions/prepare_grasp/meta/name: Prepare Grasp
 * /play_motion/motions/prepare_grasp/meta/usage: demo
 * /play_motion/motions/prepare_grasp/points: [{'positions': [0...
 * /play_motion/motions/reach_floor/joints: ['torso_lift_join...
 * /play_motion/motions/reach_floor/meta/description: Reach floor
 * /play_motion/motions/reach_floor/meta/name: Reach Floor
 * /play_motion/motions/reach_floor/meta/usage: demo
 * /play_motion/motions/reach_floor/points: [{'positions': [0...
 * /play_motion/motions/reach_max/joints: ['torso_lift_join...
 * /play_motion/motions/reach_max/meta/description: Reach max
 * /play_motion/motions/reach_max/meta/name: Reach Max
 * /play_motion/motions/reach_max/meta/usage: demo
 * /play_motion/motions/reach_max/points: [{'positions': [0...
 * /play_motion/motions/shake_hands/joints: ['gripper_finger_...
 * /play_motion/motions/shake_hands/meta/description: shake_hands
 * /play_motion/motions/shake_hands/meta/name: Shake Hands
 * /play_motion/motions/shake_hands/meta/usage: demo
 * /play_motion/motions/shake_hands/points: [{'positions': [0...
 * /play_motion/motions/unfold_arm/joints: ['torso_lift_join...
 * /play_motion/motions/unfold_arm/meta/description: unfold_arm
 * /play_motion/motions/unfold_arm/meta/name: Unfold arm
 * /play_motion/motions/unfold_arm/meta/usage: demo
 * /play_motion/motions/unfold_arm/points: [{'positions': [0...
 * /play_motion/motions/wave/joints: ['arm_1_joint', '...
 * /play_motion/motions/wave/meta/description: wave
 * /play_motion/motions/wave/meta/name: Wave
 * /play_motion/motions/wave/meta/usage: demo
 * /play_motion/motions/wave/points: [{'positions': [0...
 * /robot_description: <?xml version="1....
 * /robot_description_kinematics/arm/kinematics_solver: kdl_kinematics_pl...
 * /robot_description_kinematics/arm/kinematics_solver_attempts: 3
 * /robot_description_kinematics/arm/kinematics_solver_search_resolution: 0.005
 * /robot_description_kinematics/arm/kinematics_solver_timeout: 0.005
 * /robot_description_kinematics/arm_torso/kinematics_solver: kdl_kinematics_pl...
 * /robot_description_kinematics/arm_torso/kinematics_solver_attempts: 3
 * /robot_description_kinematics/arm_torso/kinematics_solver_search_resolution: 0.005
 * /robot_description_kinematics/arm_torso/kinematics_solver_timeout: 0.005
 * /robot_description_planning/default_robot_link_padding/arm_5_link: 0.02
 * /robot_description_planning/default_velocity_scaling_factor: 1.0
 * /robot_description_planning/joint_limits/arm_1_joint/has_acceleration_limits: False
 * /robot_description_planning/joint_limits/arm_1_joint/has_velocity_limits: True
 * /robot_description_planning/joint_limits/arm_1_joint/max_acceleration: 0
 * /robot_description_planning/joint_limits/arm_1_joint/max_velocity: 2.7
 * /robot_description_planning/joint_limits/arm_2_joint/has_acceleration_limits: False
 * /robot_description_planning/joint_limits/arm_2_joint/has_velocity_limits: True
 * /robot_description_planning/joint_limits/arm_2_joint/max_acceleration: 0
 * /robot_description_planning/joint_limits/arm_2_joint/max_velocity: 3.66
 * /robot_description_planning/joint_limits/arm_3_joint/has_acceleration_limits: False
 * /robot_description_planning/joint_limits/arm_3_joint/has_velocity_limits: True
 * /robot_description_planning/joint_limits/arm_3_joint/max_acceleration: 0
 * /robot_description_planning/joint_limits/arm_3_joint/max_velocity: 4.58
 * /robot_description_planning/joint_limits/arm_4_joint/has_acceleration_limits: False
 * /robot_description_planning/joint_limits/arm_4_joint/has_velocity_limits: True
 * /robot_description_planning/joint_limits/arm_4_joint/max_acceleration: 0
 * /robot_description_planning/joint_limits/arm_4_joint/max_velocity: 4.58
 * /robot_description_planning/joint_limits/arm_5_joint/has_acceleration_limits: False
 * /robot_description_planning/joint_limits/arm_5_joint/has_velocity_limits: True
 * /robot_description_planning/joint_limits/arm_5_joint/max_acceleration: 0
 * /robot_description_planning/joint_limits/arm_5_joint/max_velocity: 1.95
 * /robot_description_planning/joint_limits/arm_6_joint/has_acceleration_limits: False
 * /robot_description_planning/joint_limits/arm_6_joint/has_velocity_limits: True
 * /robot_description_planning/joint_limits/arm_6_joint/max_acceleration: 0
 * /robot_description_planning/joint_limits/arm_6_joint/max_velocity: 1.76
 * /robot_description_planning/joint_limits/arm_7_joint/has_acceleration_limits: False
 * /robot_description_planning/joint_limits/arm_7_joint/has_velocity_limits: True
 * /robot_description_planning/joint_limits/arm_7_joint/max_acceleration: 0
 * /robot_description_planning/joint_limits/arm_7_joint/max_velocity: 1.76
 * /robot_description_planning/joint_limits/gripper_finger_joint/has_acceleration_limits: False
 * /robot_description_planning/joint_limits/gripper_finger_joint/has_velocity_limits: True
 * /robot_description_planning/joint_limits/gripper_finger_joint/max_acceleration: 0
 * /robot_description_planning/joint_limits/gripper_finger_joint/max_velocity: 0.01
 * /robot_description_planning/joint_limits/gripper_left_finger_joint/has_acceleration_limits: False
 * /robot_description_planning/joint_limits/gripper_left_finger_joint/has_velocity_limits: True
 * /robot_description_planning/joint_limits/gripper_left_finger_joint/max_acceleration: 0
 * /robot_description_planning/joint_limits/gripper_left_finger_joint/max_velocity: 0.01
 * /robot_description_planning/joint_limits/gripper_right_finger_joint/has_acceleration_limits: False
 * /robot_description_planning/joint_limits/gripper_right_finger_joint/has_velocity_limits: True
 * /robot_description_planning/joint_limits/gripper_right_finger_joint/max_acceleration: 0
 * /robot_description_planning/joint_limits/gripper_right_finger_joint/max_velocity: 0.01
 * /robot_description_planning/joint_limits/torso_lift_joint/has_acceleration_limits: False
 * /robot_description_planning/joint_limits/torso_lift_joint/has_velocity_limits: True
 * /robot_description_planning/joint_limits/torso_lift_joint/max_acceleration: 0
 * /robot_description_planning/joint_limits/torso_lift_joint/max_velocity: 0.07
 * /robot_description_semantic: <?xml version="1....
 * /robot_state_publisher/publish_frequency: 50.0
 * /robot_state_publisher/tf_prefix: 
 * /rosdistro: noetic
 * /rosversion: 1.16.0
 * /torso_controller/constraints/goal_time: 0.6
 * /torso_controller/constraints/stopped_velocity_tolerance: 5.0
 * /torso_controller/constraints/torso_lift_joint/goal: 0.02
 * /torso_controller/joints: ['torso_lift_joint']
 * /torso_controller/type: position_controll...
 * /twist_mux/locks: [{'name': 'pause'...
 * /twist_mux/topics: [{'name': 'naviga...
 * /use_sim_time: True
 * /velocity/pid_gains/caster_back_left_1_joint/d: 0
 * /velocity/pid_gains/caster_back_left_1_joint/i: 0
 * /velocity/pid_gains/caster_back_left_1_joint/i_clamp: 0
 * /velocity/pid_gains/caster_back_left_1_joint/p: 0
 * /velocity/pid_gains/caster_back_left_2_joint/d: 0
 * /velocity/pid_gains/caster_back_left_2_joint/i: 0
 * /velocity/pid_gains/caster_back_left_2_joint/i_clamp: 0
 * /velocity/pid_gains/caster_back_left_2_joint/p: 0
 * /velocity/pid_gains/caster_back_right_1_joint/d: 0
 * /velocity/pid_gains/caster_back_right_1_joint/i: 0
 * /velocity/pid_gains/caster_back_right_1_joint/i_clamp: 0
 * /velocity/pid_gains/caster_back_right_1_joint/p: 0
 * /velocity/pid_gains/caster_back_right_2_joint/d: 0
 * /velocity/pid_gains/caster_back_right_2_joint/i: 0
 * /velocity/pid_gains/caster_back_right_2_joint/i_clamp: 0
 * /velocity/pid_gains/caster_back_right_2_joint/p: 0
 * /velocity/pid_gains/caster_front_left_1_joint/d: 0
 * /velocity/pid_gains/caster_front_left_1_joint/i: 0
 * /velocity/pid_gains/caster_front_left_1_joint/i_clamp: 0
 * /velocity/pid_gains/caster_front_left_1_joint/p: 0
 * /velocity/pid_gains/caster_front_left_2_joint/d: 0
 * /velocity/pid_gains/caster_front_left_2_joint/i: 0
 * /velocity/pid_gains/caster_front_left_2_joint/i_clamp: 0
 * /velocity/pid_gains/caster_front_left_2_joint/p: 0
 * /velocity/pid_gains/caster_front_right_1_joint/d: 0
 * /velocity/pid_gains/caster_front_right_1_joint/i: 0
 * /velocity/pid_gains/caster_front_right_1_joint/i_clamp: 0
 * /velocity/pid_gains/caster_front_right_1_joint/p: 0
 * /velocity/pid_gains/caster_front_right_2_joint/d: 0
 * /velocity/pid_gains/caster_front_right_2_joint/i: 0
 * /velocity/pid_gains/caster_front_right_2_joint/i_clamp: 0
 * /velocity/pid_gains/caster_front_right_2_joint/p: 0
 * /velocity/pid_gains/wheel_left_joint/d: 0
 * /velocity/pid_gains/wheel_left_joint/i: 0
 * /velocity/pid_gains/wheel_left_joint/i_clamp: 1.0
 * /velocity/pid_gains/wheel_left_joint/p: 30
 * /velocity/pid_gains/wheel_right_joint/d: 0
 * /velocity/pid_gains/wheel_right_joint/i: 0
 * /velocity/pid_gains/wheel_right_joint/i_clamp: 1.0
 * /velocity/pid_gains/wheel_right_joint/p: 30

NODES
  /
    bringup_controllers_spawner_ft (controller_manager/spawner)
    bringup_controllers_spawner_imu (controller_manager/spawner)
    default_controllers_spawner (controller_manager/spawner)
    gazebo (gazebo_ros/gzserver)
    gazebo_gui (gazebo_ros/gzclient)
    gripper_controllers_spawner (controller_manager/spawner)
    gripper_grasping (pal_robotiq_gripper_wrapper/gripper_grasping.py)
    home_gripper (pal_robotiq_controller_configuration/home_gripper.py)
    image_raw_to_rect_color_relay (topic_tools/relay)
    is_already_there (play_motion/is_already_there.py)
    joystick_relay (twist_mux/joystick_relay.py)
    load_motions (pal_motion_loader/load_available_motions.py)
    move_group (moveit_ros_move_group/move_group)
    play_motion (play_motion/play_motion)
    robot_state_publisher (robot_state_publisher/robot_state_publisher)
    spawn_model (gazebo_ros/spawn_model)
    tf_lookup (tf_lookup/tf_lookup)
    twist_marker (twist_mux/twist_marker)
    twist_mux (twist_mux/twist_mux)
  /head_controller/
    point_head_action (head_action/head_action)
  /xtion/rgb/
    image_proc (image_proc/image_proc)

[1mROS_MASTER_URI=http://localhost:11350[0m
]2;/home/adriano/Desktop/tiago_ws/src/tiago_simulation/tiago_gazebo/launch/tiago_gazebo.launch http://localhost:11350
[33m[ WARN] [1709913118.283320123]: Transformer::setExtrapolationLimit is deprecated and does not do anything[0m
[33m[ WARN] [1709913118.348058127]: Link base_sonar_01_link has visual geometry but no collision geometry. Collision geometry will be left empty. Fix your URDF file by explicitly specifying collision geometry.[0m
[33m[ WARN] [1709913118.348099018]: Link base_sonar_02_link has visual geometry but no collision geometry. Collision geometry will be left empty. Fix your URDF file by explicitly specifying collision geometry.[0m
[33m[ WARN] [1709913118.348133324]: Link base_sonar_03_link has visual geometry but no collision geometry. Collision geometry will be left empty. Fix your URDF file by explicitly specifying collision geometry.[0m
[33m[ WARN] [1709913118.348164520]: Link caster_back_left_1_link has visual geometry but no collision geometry. Collision geometry will be left empty. Fix your URDF file by explicitly specifying collision geometry.[0m
[33m[ WARN] [1709913118.348195983]: Link caster_back_right_1_link has visual geometry but no collision geometry. Collision geometry will be left empty. Fix your URDF file by explicitly specifying collision geometry.[0m
[33m[ WARN] [1709913118.348232041]: Link caster_front_left_1_link has visual geometry but no collision geometry. Collision geometry will be left empty. Fix your URDF file by explicitly specifying collision geometry.[0m
[33m[ WARN] [1709913118.348255863]: Link caster_front_right_1_link has visual geometry but no collision geometry. Collision geometry will be left empty. Fix your URDF file by explicitly specifying collision geometry.[0m
[33m[ WARN] [1709913118.437161894]: MoveGroup launched with ~default_planning_pipeline '' not configured in ~planning_pipelines[0m
[33m[ WARN] [1709913118.438264109]: Falling back to using the move_group node's namespace (deprecated Melodic behavior).[0m
[33m[ WARN] [1709913118.526594631]: Link base_sonar_01_link has visual geometry but no collision geometry. Collision geometry will be left empty. Fix your URDF file by explicitly specifying collision geometry.[0m
[33m[ WARN] [1709913118.526786056]: Link base_sonar_02_link has visual geometry but no collision geometry. Collision geometry will be left empty. Fix your URDF file by explicitly specifying collision geometry.[0m
[33m[ WARN] [1709913118.526895060]: Link base_sonar_03_link has visual geometry but no collision geometry. Collision geometry will be left empty. Fix your URDF file by explicitly specifying collision geometry.[0m
[33m[ WARN] [1709913118.527012518]: Link caster_back_left_1_link has visual geometry but no collision geometry. Collision geometry will be left empty. Fix your URDF file by explicitly specifying collision geometry.[0m
[33m[ WARN] [1709913118.527126022]: Link caster_back_right_1_link has visual geometry but no collision geometry. Collision geometry will be left empty. Fix your URDF file by explicitly specifying collision geometry.[0m
[33m[ WARN] [1709913118.527241348]: Link caster_front_left_1_link has visual geometry but no collision geometry. Collision geometry will be left empty. Fix your URDF file by explicitly specifying collision geometry.[0m
[33m[ WARN] [1709913118.527347953]: Link caster_front_right_1_link has visual geometry but no collision geometry. Collision geometry will be left empty. Fix your URDF file by explicitly specifying collision geometry.[0m
[33m[ WARN] [1709913119.300052420]: Link base_cover_link has visual geometry but no collision geometry. Collision geometry will be left empty. Fix your URDF file by explicitly specifying collision geometry.[0m
[33m[ WARN] [1709913119.502445786]: Kinematics solver doesn't support #attempts anymore, but only a timeout.
Please remove the parameter '/robot_description_kinematics/arm/kinematics_solver_attempts' from your configuration.[0m
[33m[ WARN] [1709913119.715519158]: Link base_cover_link has visual geometry but no collision geometry. Collision geometry will be left empty. Fix your URDF file by explicitly specifying collision geometry.[0m
[33m[ WARN] [1709913120.090137667]: Kinematics solver doesn't support #attempts anymore, but only a timeout.
Please remove the parameter '/robot_description_kinematics/arm/kinematics_solver_attempts' from your configuration.[0m
[WARN] [1709913122.480532, 0.000000]: wait_for_service(/controller_manager/load_controller): failed to contact, will keep trying
[WARN] [1709913122.482895, 0.000000]: wait_for_service(/controller_manager/load_controller): failed to contact, will keep trying
[31m[ERROR] [1709913122.484942950]: [registerPublisher] Failed to contact master at [localhost:11350].  Retrying...[0m
[WARN] [1709913122.488325, 0.000000]: wait_for_service(/controller_manager/load_controller): failed to contact, will keep trying
[0m[ INFO] [1709913121.580164888]: Finished loading Gazebo ROS API Plugin.[0m
[0m[ INFO] [1709913121.587935817]: waitForService: Service [/gazebo/set_physics_properties] has not been advertised, waiting...[0m
Error: Non-unique names detected in <link name='link'>
  <collision name='surface'>
    <pose>0 0 0.4 0 -0 0</pose>
    <geometry>
      <box>
        <size>1 0.8 0.03</size>
      </box>
    </geometry>
  </collision>
  <visual name='visual1'>
    <pose>0 0 0.4 0 -0 0</pose>
    <geometry>
      <box>
        <size>1 0.8 0.03</size>
      </box>
    </geometry>
    <material>
      <script>
        <uri>file://media/materials/scripts/gazebo.material</uri>
        <name>Gazebo/Wood</name>
      </script>
    </material>
  </visual>
  <collision name='front_left_leg'>
    <pose>0.48 0.38 0.2 0 -0 0</pose>
    <geometry>
      <cylinder>
        <radius>0.02</radius>
        <length>0.4</length>
      </cylinder>
    </geometry>
  </collision>
  <visual name='front_left_leg'>
    <pose>0.48 0.38 0.2 0 -0 0</pose>
    <geometry>
      <cylinder>
        <radius>0.02</radius>
        <length>0.4</length>
      </cylinder>
    </geometry>
    <material>
      <script>
        <uri>file://media/materials/scripts/gazebo.material</uri>
        <name>Gazebo/Grey</name>
      </script>
    </material>
  </visual>
  <collision name='front_right_leg'>
    <pose>0.48 -0.38 0.2 0 -0 0</pose>
    <geometry>
      <cylinder>
        <radius>0.02</radius>
        <length>0.4</length>
      </cylinder>
    </geometry>
  </collision>
  <visual name='front_right_leg'>
    <pose>0.48 -0.38 0.2 0 -0 0</pose>
    <geometry>
      <cylinder>
        <radius>0.02</radius>
        <length>0.4</length>
      </cylinder>
    </geometry>
    <material>
      <script>
        <uri>file://media/materials/scripts/gazebo.material</uri>
        <name>Gazebo/Grey</name>
      </script>
    </material>
  </visual>
  <collision name='back_right_leg'>
    <pose>-0.48 -0.38 0.2 0 -0 0</pose>
    <geometry>
      <cylinder>
        <radius>0.02</radius>
        <length>0.4</length>
      </cylinder>
    </geometry>
  </collision>
  <visual name='back_right_leg'>
    <pose>-0.48 -0.38 0.2 0 -0 0</pose>
    <geometry>
      <cylinder>
        <radius>0.02</radius>
        <length>0.4</length>
      </cylinder>
    </geometry>
    <material>
      <script>
        <uri>file://media/materials/scripts/gazebo.material</uri>
        <name>Gazebo/Grey</name>
      </script>
    </material>
  </visual>
  <collision name='back_left_leg'>
    <pose>-0.48 0.38 0.2 0 -0 0</pose>
    <geometry>
      <cylinder>
        <radius>0.02</radius>
        <length>0.4</length>
      </cylinder>
    </geometry>
  </collision>
  <visual name='back_left_leg'>
    <pose>-0.48 0.38 0.2 0 -0 0</pose>
    <geometry>
      <cylinder>
        <radius>0.02</radius>
        <length>0.4</length>
      </cylinder>
    </geometry>
    <material>
      <script>
        <uri>file://media/materials/scripts/gazebo.material</uri>
        <name>Gazebo/Grey</name>
      </script>
    </material>
  </visual>
  <velocity_decay>
    <linear>0</linear>
    <angular>0</angular>
  </velocity_decay>
  <self_collide>0</self_collide>
  <kinematic>0</kinematic>
  <gravity>1</gravity>
  <sensor name='wall_contact_sensor' type='contact'>
    <update_rate>100</update_rate>
    <always_on>1</always_on>
    <contact>
      <collision>surface</collision>
      <topic>/base_bumper_contact</topic>
    </contact>
    <plugin name='gazebo_ros_bumper_controller' filename='libgazebo_ros_bumper.so'>
      <alwaysOn>1</alwaysOn>
      <updateRate>100.0</updateRate>
      <bumperTopicName>/table_contact</bumperTopicName>
      <frameName>world</frameName>
    </plugin>
  </sensor>
</link>

[31m[ERROR] [1709913123.449999923]: [registerPublisher] Failed to contact master at [localhost:11350].  Retrying...[0m
../src/intel/isl/isl.c:2105: FINISHME: ../src/intel/isl/isl.c:isl_surf_supports_ccs: CCS for 3D textures is disabled, but a workaround is available.
gzserver: /usr/include/boost/smart_ptr/shared_ptr.hpp:734: typename boost::detail::sp_member_access<T>::type boost::shared_ptr<T>::operator->() const [with T = gazebo::physics::PresetManager; typename boost::detail::sp_member_access<T>::type = gazebo::physics::PresetManager*]: Assertion `px != 0' failed.
Aborted (core dumped)
[0m[ INFO] [1709913118.198509355]: tf_lookup starting[0m
[0m[ INFO] [1709913118.337127524]: Topic handler 'navigation' subscribed to topic 'nav_vel': timeout = 0.500000s, priority = 10[0m
[0m[ INFO] [1709913118.339042171]: Topic handler 'joystick' subscribed to topic 'joy_vel': timeout = 0.500000s, priority = 100[0m
[0m[ INFO] [1709913118.341567600]: Topic handler 'keyboard' subscribed to topic 'key_vel': timeout = 0.500000s, priority = 90[0m
[0m[ INFO] [1709913118.345284054]: Topic handler 'tablet' subscribed to topic 'tab_vel': timeout = 0.500000s, priority = 100[0m
[0m[ INFO] [1709913118.356330077]: Topic handler 'marker' subscribed to topic 'marker_vel': timeout = 0.500000s, priority = 99[0m
[0m[ INFO] [1709913118.377954093]: Topic handler 'phone' subscribed to topic 'phone_vel': timeout = 0.500000s, priority = 98[0m
[0m[ INFO] [1709913118.393602450]: Topic handler 'rviz_joy' subscribed to topic 'rviz_joy_vel': timeout = 0.500000s, priority = 95[0m
[0m[ INFO] [1709913118.414119628]: Topic handler 'servoing_cmd_vel' subscribed to topic 'servoing_cmd_vel': timeout = 0.500000s, priority = 20[0m
[0m[ INFO] [1709913118.417532752]: Topic handler 'pause' subscribed to topic 'pause_navigation': timeout = None, priority = 100[0m
[0m[ INFO] [1709913118.429103593]: Topic handler 'loop_closure' subscribed to topic 'stop_closing_loop': timeout = None, priority = 200[0m
[0m[ INFO] [1709913118.431308254]: Topic handler 'joystick' subscribed to topic 'joy_priority': timeout = None, priority = 100[0m
terminate called after throwing an instance of 'std::runtime_error'
  what():  Unable to connect to move_group action server 'move_group' within allotted time (0s)
[WARN] [1709913131.929407, 0.000000]: Controller Spawner couldn't find the expected controller_manager ROS interface.
[INFO] [1709913121.562958, 0.000000]: Controller Spawner: Waiting for service controller_manager/load_controller
Traceback (most recent call last):
  File "/home/adriano/Desktop/tiago_ws/src/pal_motion_loader/scripts/load_available_motions.py", line 39, in <module>
    main()
  File "/home/adriano/Desktop/tiago_ws/src/pal_motion_loader/scripts/load_available_motions.py", line 16, in main
    js = rospy.wait_for_message('/joint_states', JointState)
  File "/opt/ros/noetic/lib/python3/dist-packages/rospy/client.py", line 428, in wait_for_message
    raise rospy.exceptions.ROSInterruptException("rospy shutdown")
rospy.exceptions.ROSInterruptException: rospy shutdown
[0m[ INFO] [1709913117.814652443]: Load description from: /robot_description[0m
[WARN] [1709913132.518014, 0.000000]: Controller Spawner couldn't find the expected controller_manager ROS interface.
[INFO] [1709913121.565135, 0.000000]: Controller Spawner: Waiting for service controller_manager/load_controller
[WARN] [1709913132.523363, 0.000000]: Controller Spawner couldn't find the expected controller_manager ROS interface.
[INFO] [1709913120.900081, 0.000000]: Controller Spawner: Waiting for service controller_manager/load_controller
[WARN] [1709913122.480704, 0.000000]: wait_for_service(/gazebo/spawn_urdf_model): failed to contact, will keep trying
Traceback (most recent call last):
  File "/home/adriano/Desktop/tiago_ws/devel/lib/gazebo_ros/spawn_model", line 15, in <module>
    exec(compile(fh.read(), python_script, 'exec'), context)
  File "/home/adriano/Desktop/tiago_ws/src/gazebo_ros_pkgs/gazebo_ros/scripts/spawn_model", line 313, in <module>
    sm.callSpawnService()
  File "/home/adriano/Desktop/tiago_ws/src/gazebo_ros_pkgs/gazebo_ros/scripts/spawn_model", line 270, in callSpawnService
    success = gazebo_interface.spawn_urdf_model_client(self.model_name, model_xml, self.robot_namespace,
  File "/home/adriano/Desktop/tiago_ws/src/gazebo_ros_pkgs/gazebo_ros/src/gazebo_ros/gazebo_interface.py", line 28, in spawn_urdf_model_client
    rospy.wait_for_service(gazebo_namespace+'/spawn_urdf_model')
  File "/opt/ros/noetic/lib/python3/dist-packages/rospy/impl/tcpros_service.py", line 166, in wait_for_service
    raise ROSInterruptException("rospy shutdown")
rospy.exceptions.ROSInterruptException: rospy shutdown
[0m[ INFO] [1709913118.460106799]: Loading robot model 'tiago'...[0m
[0m[ INFO] [1709913118.460162343]: No root/virtual joint specified in SRDF. Assuming fixed joint[0m
[96mLoading 'move_group/ApplyPlanningSceneService'...
[0m[96mLoading 'move_group/ClearOctomapService'...
[0m[96mLoading 'move_group/MoveGroupCartesianPathService'...
[0m[96mLoading 'move_group/MoveGroupExecuteTrajectoryAction'...
[0m[96mLoading 'move_group/MoveGroupGetPlanningSceneService'...
[0m[96mLoading 'move_group/MoveGroupKinematicsService'...
[0m[96mLoading 'move_group/MoveGroupMoveAction'...
[0m[96mLoading 'move_group/MoveGroupPickPlaceAction'...
[0m[96mLoading 'move_group/MoveGroupPlanService'...
[0m[96mLoading 'move_group/MoveGroupQueryPlannersService'...
[0m[96mLoading 'move_group/MoveGroupStateValidationService'...
[0m[92m
You can start planning now!

[0mUnable to register with master node [http://localhost:11350]: master may not be running yet. Will keep trying.
Traceback (most recent call last):
  File "/home/adriano/Desktop/tiago_ws/src/pal_robotiq_gripper/pal_robotiq_controller_configuration/scripts/home_gripper.py", line 12, in <module>
    rospy.init_node("home_gripper")
  File "/opt/ros/noetic/lib/python3/dist-packages/rospy/client.py", line 336, in init_node
    raise rospy.exceptions.ROSInitException("Failed to initialize time. Please check logs for additional details")
rospy.exceptions.ROSInitException: Failed to initialize time. Please check logs for additional details
Unable to register with master node [http://localhost:11350]: master may not be running yet. Will keep trying.
Traceback (most recent call last):
  File "/home/adriano/Desktop/tiago_ws/src/pal_robotiq_gripper/pal_robotiq_gripper_wrapper/scripts/gripper_grasping.py", line 276, in <module>
    rospy.init_node('gripper_grasping')
  File "/opt/ros/noetic/lib/python3/dist-packages/rospy/client.py", line 336, in init_node
    raise rospy.exceptions.ROSInitException("Failed to initialize time. Please check logs for additional details")
rospy.exceptions.ROSInitException: Failed to initialize time. Please check logs for additional details
Unable to register with master node [http://localhost:11350]: master may not be running yet. Will keep trying.
Traceback (most recent call last):
  File "/home/adriano/Desktop/tiago_ws/src/ros_control/controller_manager/scripts/spawner", line 212, in <module>
    if __name__ == '__main__': main()
  File "/home/adriano/Desktop/tiago_ws/src/ros_control/controller_manager/scripts/spawner", line 108, in main
    rospy.init_node('spawner', anonymous=True)
  File "/opt/ros/noetic/lib/python3/dist-packages/rospy/client.py", line 336, in init_node
    raise rospy.exceptions.ROSInitException("Failed to initialize time. Please check logs for additional details")
rospy.exceptions.ROSInitException: Failed to initialize time. Please check logs for additional details
[31m================================================================================REQUIRED process [gazebo-1] has died!
process has died [pid 116664, exit code 134, cmd /home/adriano/Desktop/tiago_ws/src/gazebo_ros_pkgs/gazebo_ros/scripts/gzserver -e ode worlds/elsa.world __name:=gazebo __log:=/home/adriano/.ros/log/03297032-dd63-11ee-a4d3-9bcbcb281e9b/gazebo-1.log].
log file: /home/adriano/.ros/log/03297032-dd63-11ee-a4d3-9bcbcb281e9b/gazebo-1*.log
Initiating shutdown!
================================================================================[0m
[1mprocess[gazebo-1]: started with pid [116664][0m
[1mprocess[gazebo_gui-2]: started with pid [116670][0m
[1mprocess[spawn_model-3]: started with pid [116680][0m
[1mprocess[default_controllers_spawner-4]: started with pid [116681][0m
[1mprocess[head_controller/point_head_action-5]: started with pid [116691][0m
[1mprocess[bringup_controllers_spawner_imu-6]: started with pid [116695][0m
[1mprocess[bringup_controllers_spawner_ft-7]: started with pid [116701][0m
[1mprocess[gripper_controllers_spawner-8]: started with pid [116710][0m
[1mprocess[gripper_grasping-9]: started with pid [116763][0m
[1mprocess[home_gripper-10]: started with pid [116769][0m
[1mprocess[load_motions-11]: started with pid [116803][0m
[1mprocess[play_motion-12]: started with pid [116808][0m
[1mprocess[is_already_there-13]: started with pid [116823][0m
[1mprocess[move_group-14]: started with pid [116840][0m
[1mprocess[robot_state_publisher-15]: started with pid [116853][0m
[1mprocess[tf_lookup-16]: started with pid [116887][0m
[1mprocess[twist_mux-17]: started with pid [116906][0m
[1mprocess[twist_marker-18]: started with pid [116941][0m
[1mprocess[joystick_relay-19]: started with pid [117022][0m
[1mprocess[image_raw_to_rect_color_relay-20]: started with pid [117052][0m
[1mprocess[xtion/rgb/image_proc-21]: started with pid [117096][0m
[xtion/rgb/image_proc-21] killing on exit
[image_raw_to_rect_color_relay-20] killing on exit
[joystick_relay-19] killing on exit
[twist_marker-18] killing on exit
[tf_lookup-16] killing on exit
[twist_mux-17] killing on exit
[robot_state_publisher-15] killing on exit
[move_group-14] killing on exit
[is_already_there-13] killing on exit
[play_motion-12] killing on exit
[load_motions-11] killing on exit
[home_gripper-10] killing on exit
[gripper_grasping-9] killing on exit
[gripper_controllers_spawner-8] killing on exit
[bringup_controllers_spawner_ft-7] killing on exit
[bringup_controllers_spawner_imu-6] killing on exit
[head_controller/point_head_action-5] killing on exit
[default_controllers_spawner-4] killing on exit
[spawn_model-3] killing on exit
[gazebo_gui-2] killing on exit
[gazebo-1] killing on exit
shutting down processing monitor...
... shutting down processing monitor complete
[1mdone[0m
                                                                                                                                                                                                                                                                                                                                                                                                                                                                                                                                                                                                                                                                                                                                                                                                                                                                                                                                                                                                                                                                                                                                                                                                                                                                                                                                                                                                                                                                                                                                                                                                                                                                                                                                                                                                                                                                                                                                                                                                                                                                                                                                                                                                                                                                                                                                                                                                                                                                                                                                                                                                                                                                                                                                                                                                                                                                                                                                                                                                                                                                                                                                                                                                                                                                                                                                                                                                                                                                                                                                                                                                                                                                                                                                                                                                                                                                                                                                                                                                                                                                                                                                                                                                                                                                                                                                                                                                                                                                                                                                                                                                                                                                                                                                                                                                                                                                                                                                                                                                                                                                                                                                                                                                                                                                                                                                                                                                                                                                                                                                                                                                                                                                                                                                                                                                                                                                                                                                                                                                                                                                                                                                                                                                                                                                                                                                                                                                                                                                                                                                                                                                                                                                                                                                                                                                                                                                                                                                                                                                                                                                                                                                                                                                                                                                                                                                                                                                                                                                                                                                                                                                                                                                                                                                                                                                                                                                                                                                                                                                                                                                                                                                                                                                                                                                                                                                                                                                                                                                                                                                                                                                                                                                                                                                                                                                                                                                                                                                                                                                                                                                                                                                                                                                                                                                                                                                                                                                                                                                                                                                                                                                                                                                                                                                                                                                                                                                                                                                                                                                                                                                                                                                                                                                                                                                                                                                                                                                                                                                                                                                                                                                                                                                                                                                                                                                                                                                                                                                                                                                                                                                                                                                                                                                                                                                                                                                                                                                                                                                                                                                                                                                                                                                                                                                                                                                                                                                                                                                                                                                                                                                                                                                                                                                                                                                                                                                                                                                                                                                                                                                                                                                                                                                                                                                                                                                                                                                                                                                                                                                                                                                                                                                                                                                                                                                                                                                                                                                                                                                                                                                                                                                                                                                                                                                                                                                                                                                                                                                                                                                                                                                                                                                                                                                                                                                                                                                                                                                                                                                                                                                                                                                                                                                                                                                                                                                                                                                                                                                                                                                                                                                                                                                                                                                                                                                                                                                                                                                                                                                                                                                                                                                                                                                                                                                                                                                                                                                                                                                                                                                                                                                                                                                                                                                                                                                                                                                                                                                                                                                                                                                                                                                                                                                                                                                                                                                                                                                                                                                                                                                                                                                                                                                                                                                                                                                                                                                                                                                                                                                                                                                                                                                                                                                                                                                                                                                                                                                                                                                                                                                                                                                                                                                                                                                                                                                                                                                                                                                                                                                                                                                                                                                                                                                                                                                                                                                                                                                                                                                                                                                                                                                                                                                                                                                                                                                                                                                                                                                                                                                                                                                                                                                                                                                                                                                                                                                                                                                                                                                                                                                                                                                                                                                                                                                                                                                                                                                                                                                                                                                                                                                                                                                                                                                                                                                                                                                                                                                                                                                                                                                                                                                                                                                                                                                                                                                                                                                                                                                                                                                                                                                                                                                                                                                                                                                                                                                                                                                                                                                                                                                                                                                                                                                                                                                                                                                                                                                                                                                                                                                                                                                                                                                                                                                                                                                                                                                                                                                                                                                                                                                                                                                                                                                                                                                                                                                                                                                                                                                                                                                                                                                                                                                                                                                                                                                                                                                                                                                                                                                                                                                                                                                                                                                                                                                                                                                                                                                                                                                                                                                                                                                                                                                                                                                                                                                                                                                                                                                                                                                                                                                                                                                                                                                                                                                                                                                                                                                                                                                                                                                                                                                                                                                                                                                                                                                                                                                                                                                                                                                                                                                                                                                                                                                                                                                                                                                                                                                                                                                                                                                                                                                                                                                                                                                                                                                                                                                                                                                                                                                                                                                                                                                                                                                                                                                                                                                                                                                                                                                                                                                                                                                                                                                                                                                                                                                                                                                                                                                                                                                                                                                                                                                                                                                                                                                                                                                                                                                                                                                                                                   [31m[gripper_controllers_spawner-9] escalating to SIGTERM[0m
[31m[bringup_controllers_spawner_ft-8] escalating to SIGTERM[0m
[31m[bringup_controllers_spawner_imu-7] escalating to SIGTERM[0m
[31m[default_controllers_spawner-5] escalating to SIGTERM[0m
[31m[gripper_controllers_spawner-9] escalating to SIGKILL[0m
[31m[bringup_controllers_spawner_ft-8] escalating to SIGKILL[0m
[31m[bringup_controllers_spawner_imu-7] escalating to SIGKILL[0m
[31m[default_controllers_spawner-5] escalating to SIGKILL[0m
[31mShutdown errors:
 * process[default_controllers_spawner-5, pid 98959]: required SIGKILL. May still be running.
 * process[gripper_controllers_spawner-9, pid 98993]: required SIGKILL. May still be running.
 * process[bringup_controllers_spawner_imu-7, pid 98969]: required SIGKILL. May still be running.
 * process[bringup_controllers_spawner_ft-8, pid 98974]: required SIGKILL. May still be running.[0m
[1mprocess[rosout-1]: started with pid [98903][0m
started core service [/rosout]
[1mprocess[gazebo-2]: started with pid [98944][0m
[1mprocess[gazebo_gui-3]: started with pid [98951][0m
[1mprocess[spawn_model-4]: started with pid [98957][0m
[1mprocess[default_controllers_spawner-5]: started with pid [98959][0m
[1mprocess[head_controller/point_head_action-6]: started with pid [98962][0m
[1mprocess[bringup_controllers_spawner_imu-7]: started with pid [98969][0m
[1mprocess[bringup_controllers_spawner_ft-8]: started with pid [98974][0m
[1mprocess[gripper_controllers_spawner-9]: started with pid [98993][0m
[1mprocess[gripper_grasping-10]: started with pid [99019][0m
[1mprocess[home_gripper-11]: started with pid [99028][0m
[1mprocess[load_motions-12]: started with pid [99030][0m
[1mprocess[play_motion-13]: started with pid [99034][0m
[1mprocess[is_already_there-14]: started with pid [99035][0m
[1mprocess[move_group-15]: started with pid [99038][0m
[1mprocess[robot_state_publisher-16]: started with pid [99046][0m
[1mprocess[tf_lookup-17]: started with pid [99060][0m
[1mprocess[twist_mux-18]: started with pid [99068][0m
[1mprocess[twist_marker-19]: started with pid [99099][0m
[1mprocess[joystick_relay-20]: started with pid [99140][0m
[1mprocess[image_raw_to_rect_color_relay-21]: started with pid [99164][0m
[1mprocess[xtion/rgb/image_proc-22]: started with pid [99204][0m
[1m[spawn_model-4] process has finished cleanly
log file: /home/adriano/.ros/log/03297032-dd63-11ee-a4d3-9bcbcb281e9b/spawn_model-4*.log[0m
[1m[load_motions-12] process has finished cleanly
log file: /home/adriano/.ros/log/03297032-dd63-11ee-a4d3-9bcbcb281e9b/load_motions-12*.log[0m
[1m[home_gripper-11] process has finished cleanly
log file: /home/adriano/.ros/log/03297032-dd63-11ee-a4d3-9bcbcb281e9b/home_gripper-11*.log[0m
[xtion/rgb/image_proc-22] killing on exit
[image_raw_to_rect_color_relay-21] killing on exit
[joystick_relay-20] killing on exit
[twist_marker-19] killing on exit
[twist_mux-18] killing on exit
[robot_state_publisher-16] killing on exit
[tf_lookup-17] killing on exit
[move_group-15] killing on exit
[is_already_there-14] killing on exit
[play_motion-13] killing on exit
[gripper_grasping-10] killing on exit
[gripper_controllers_spawner-9] killing on exit
[bringup_controllers_spawner_ft-8] killing on exit
[bringup_controllers_spawner_imu-7] killing on exit
[head_controller/point_head_action-6] killing on exit
[default_controllers_spawner-5] killing on exit
[gazebo_gui-3] killing on exit
[gazebo-2] killing on exit
[rosout-1] killing on exit
[master] killing on exit
shutting down processing monitor...
... shutting down processing monitor complete
[1mdone[0m
